{"contracts/interface/IEvent.sol":{"l":{},"path":"/Users/pis/workspace/PIN/pinai-contracts/contracts/interface/IEvent.sol","s":{},"b":{},"f":{},"fnMap":{},"statementMap":{},"branchMap":{}},"contracts/interface/IGovernance.sol":{"l":{},"path":"/Users/pis/workspace/PIN/pinai-contracts/contracts/interface/IGovernance.sol","s":{},"b":{},"f":{},"fnMap":{},"statementMap":{},"branchMap":{}},"contracts/interface/IRegistry.sol":{"l":{},"path":"/Users/pis/workspace/PIN/pinai-contracts/contracts/interface/IRegistry.sol","s":{},"b":{},"f":{},"fnMap":{},"statementMap":{},"branchMap":{}},"contracts/interface/IReward.sol":{"l":{},"path":"/Users/pis/workspace/PIN/pinai-contracts/contracts/interface/IReward.sol","s":{},"b":{},"f":{},"fnMap":{},"statementMap":{},"branchMap":{}},"contracts/interface/IStaking.sol":{"l":{},"path":"/Users/pis/workspace/PIN/pinai-contracts/contracts/interface/IStaking.sol","s":{},"b":{},"f":{},"fnMap":{},"statementMap":{},"branchMap":{}},"contracts/interface/ITask.sol":{"l":{},"path":"/Users/pis/workspace/PIN/pinai-contracts/contracts/interface/ITask.sol","s":{},"b":{},"f":{},"fnMap":{},"statementMap":{},"branchMap":{}},"contracts/lib/ECDSA.sol":{"l":{"52":0,"86":0,"117":0,"142":0,"176":0,"208":0,"241":0,"263":0,"287":0,"301":0,"337":0,"373":0,"404":0,"418":0,"438":0},"path":"/Users/pis/workspace/PIN/pinai-contracts/contracts/lib/ECDSA.sol","s":{},"b":{},"f":{"1":0,"2":0,"3":0,"4":0,"5":0,"6":0,"7":0,"8":0,"9":0,"10":0,"11":0,"12":0,"13":0,"14":0,"15":0},"fnMap":{"1":{"name":"recover","line":50,"loc":{"start":{"line":50,"column":4},"end":{"line":77,"column":4}}},"2":{"name":"recoverCalldata","line":80,"loc":{"start":{"line":80,"column":4},"end":{"line":111,"column":4}}},"3":{"name":"recover","line":115,"loc":{"start":{"line":115,"column":4},"end":{"line":132,"column":4}}},"4":{"name":"recover","line":136,"loc":{"start":{"line":136,"column":4},"end":{"line":157,"column":4}}},"5":{"name":"tryRecover","line":170,"loc":{"start":{"line":170,"column":4},"end":{"line":199,"column":4}}},"6":{"name":"tryRecoverCalldata","line":202,"loc":{"start":{"line":202,"column":4},"end":{"line":231,"column":4}}},"7":{"name":"tryRecover","line":235,"loc":{"start":{"line":235,"column":4},"end":{"line":253,"column":4}}},"8":{"name":"tryRecover","line":257,"loc":{"start":{"line":257,"column":4},"end":{"line":275,"column":4}}},"9":{"name":"toEthSignedMessageHash","line":285,"loc":{"start":{"line":285,"column":4},"end":{"line":292,"column":4}}},"10":{"name":"toEthSignedMessageHash","line":299,"loc":{"start":{"line":299,"column":4},"end":{"line":320,"column":4}}},"11":{"name":"canonicalHash","line":335,"loc":{"start":{"line":335,"column":4},"end":{"line":364,"column":4}}},"12":{"name":"canonicalHashCalldata","line":367,"loc":{"start":{"line":367,"column":4},"end":{"line":399,"column":4}}},"13":{"name":"canonicalHash","line":402,"loc":{"start":{"line":402,"column":4},"end":{"line":413,"column":4}}},"14":{"name":"canonicalHash","line":416,"loc":{"start":{"line":416,"column":4},"end":{"line":429,"column":4}}},"15":{"name":"emptySignature","line":436,"loc":{"start":{"line":436,"column":4},"end":{"line":441,"column":4}}}},"statementMap":{},"branchMap":{}},"contracts/lib/MerkleProofLib.sol":{"l":{"20":0,"52":0,"102":0,"206":0,"289":0,"297":0,"305":0},"path":"/Users/pis/workspace/PIN/pinai-contracts/contracts/lib/MerkleProofLib.sol","s":{},"b":{},"f":{"1":0,"2":0,"3":0,"4":0,"5":0,"6":0,"7":0},"fnMap":{"1":{"name":"verify","line":14,"loc":{"start":{"line":14,"column":4},"end":{"line":43,"column":4}}},"2":{"name":"verifyCalldata","line":46,"loc":{"start":{"line":46,"column":4},"end":{"line":75,"column":4}}},"3":{"name":"verifyMultiProof","line":87,"loc":{"start":{"line":87,"column":4},"end":{"line":180,"column":4}}},"4":{"name":"verifyMultiProofCalldata","line":191,"loc":{"start":{"line":191,"column":4},"end":{"line":280,"column":4}}},"5":{"name":"emptyProof","line":287,"loc":{"start":{"line":287,"column":4},"end":{"line":292,"column":4}}},"6":{"name":"emptyLeaves","line":295,"loc":{"start":{"line":295,"column":4},"end":{"line":300,"column":4}}},"7":{"name":"emptyFlags","line":303,"loc":{"start":{"line":303,"column":4},"end":{"line":308,"column":4}}}},"statementMap":{},"branchMap":{}},"contracts/lib/Pausable.sol":{"l":{"53":0,"54":0,"65":0,"66":0,"73":0,"80":0,"81":0,"89":0,"90":0,"102":0,"113":0},"path":"/Users/pis/workspace/PIN/pinai-contracts/contracts/lib/Pausable.sol","s":{"1":0,"2":0,"3":0,"4":0,"5":0},"b":{"1":[0,0],"2":[0,0],"3":[0,0],"4":[0,0]},"f":{"1":0,"2":0,"3":0,"4":0,"5":0,"6":0,"7":0},"fnMap":{"1":{"name":"whenNotPaused","line":52,"loc":{"start":{"line":52,"column":4},"end":{"line":55,"column":4}}},"2":{"name":"whenPaused","line":64,"loc":{"start":{"line":64,"column":4},"end":{"line":67,"column":4}}},"3":{"name":"paused","line":72,"loc":{"start":{"line":72,"column":4},"end":{"line":74,"column":4}}},"4":{"name":"_requireNotPaused","line":79,"loc":{"start":{"line":79,"column":4},"end":{"line":83,"column":4}}},"5":{"name":"_requirePaused","line":88,"loc":{"start":{"line":88,"column":4},"end":{"line":92,"column":4}}},"6":{"name":"_pause","line":101,"loc":{"start":{"line":101,"column":4},"end":{"line":103,"column":4}}},"7":{"name":"_unpause","line":112,"loc":{"start":{"line":112,"column":4},"end":{"line":114,"column":4}}}},"statementMap":{"1":{"start":{"line":53,"column":8},"end":{"line":53,"column":26}},"2":{"start":{"line":65,"column":8},"end":{"line":65,"column":23}},"3":{"start":{"line":73,"column":8},"end":{"line":73,"column":22}},"4":{"start":{"line":80,"column":8},"end":{"line":80,"column":2023}},"5":{"start":{"line":89,"column":8},"end":{"line":89,"column":2220}}},"branchMap":{"1":{"line":80,"type":"if","locations":[{"start":{"line":80,"column":8},"end":{"line":80,"column":8}},{"start":{"line":80,"column":8},"end":{"line":80,"column":8}}]},"2":{"line":89,"type":"if","locations":[{"start":{"line":89,"column":8},"end":{"line":89,"column":8}},{"start":{"line":89,"column":8},"end":{"line":89,"column":8}}]},"3":{"line":101,"type":"if","locations":[{"start":{"line":101,"column":39},"end":{"line":101,"column":39}},{"start":{"line":101,"column":39},"end":{"line":101,"column":39}}]},"4":{"line":112,"type":"if","locations":[{"start":{"line":112,"column":41},"end":{"line":112,"column":41}},{"start":{"line":112,"column":41},"end":{"line":112,"column":41}}]}}},"contracts/TEEGovernance.sol":{"l":{"53":0,"64":0,"65":0,"67":0,"68":0,"69":0,"70":0,"71":0,"72":0,"73":0,"75":0,"76":0,"77":0,"78":0,"85":0,"86":0,"87":0,"95":0,"97":0,"109":0,"124":0,"125":0,"132":0,"139":0,"148":0,"149":0,"150":0,"151":0,"156":0,"157":0,"161":0,"162":0,"163":0,"164":0,"166":0,"167":0,"171":0,"172":0,"173":0,"177":0,"178":0,"179":0,"180":0,"182":0,"186":0,"188":0,"189":0,"190":0,"193":0,"197":0,"201":0,"205":0,"209":0,"213":0,"217":0,"221":0,"225":0,"226":0,"228":0,"229":0,"233":0,"237":0,"238":0,"239":0,"243":0,"247":0,"248":0,"249":0,"253":0,"254":0,"256":0,"257":0,"259":0,"268":0,"269":0,"270":0,"271":0,"273":0,"286":0,"293":0,"294":0,"295":0,"296":0,"297":0,"298":0,"299":0,"300":0,"301":0,"302":0,"303":0,"306":0,"307":0,"314":0,"315":0,"316":0,"317":0,"318":0,"319":0,"324":0,"325":0,"327":0,"331":0,"335":0,"336":0,"340":0,"341":0,"342":0,"343":0,"345":0,"346":0,"347":0,"349":0,"352":0,"358":0,"373":0,"386":0,"393":0,"397":0,"405":0,"412":0,"416":0,"417":0,"418":0,"422":0,"423":0,"424":0,"428":0,"432":0,"433":0,"434":0,"436":0,"441":0,"442":0,"444":0,"448":0,"452":0,"453":0,"454":0},"path":"/Users/pis/workspace/PIN/pinai-contracts/contracts/TEEGovernance.sol","s":{"1":0,"2":0,"3":0,"4":0,"5":0,"6":0,"7":0,"8":0,"9":0,"10":0,"11":0,"12":0,"13":0,"14":0,"15":0,"16":0,"17":0,"18":0,"19":0,"20":0,"21":0,"22":0,"23":0,"24":0,"25":0,"26":0,"27":0,"28":0,"29":0,"30":0,"31":0,"32":0,"33":0,"34":0,"35":0,"36":0,"37":0,"38":0,"39":0,"40":0,"41":0,"42":0,"43":0,"44":0,"45":0,"46":0,"47":0,"48":0,"49":0,"50":0,"51":0,"52":0,"53":0,"54":0,"55":0,"56":0,"57":0,"58":0,"59":0,"60":0,"61":0,"62":0,"63":0,"64":0,"65":0,"66":0,"67":0,"68":0,"69":0,"70":0,"71":0,"72":0,"73":0,"74":0,"75":0,"76":0,"77":0,"78":0,"79":0,"80":0,"81":0,"82":0,"83":0,"84":0,"85":0,"86":0,"87":0,"88":0,"89":0,"90":0,"91":0,"92":0,"93":0,"94":0,"95":0,"96":0,"97":0,"98":0,"99":0,"100":0,"101":0,"102":0,"103":0,"104":0,"105":0,"106":0,"107":0,"108":0,"109":0,"110":0,"111":0,"112":0,"113":0,"114":0},"b":{"1":[0,0],"2":[0,0],"3":[0,0],"4":[0,0],"5":[0,0],"6":[0,0],"7":[0,0],"8":[0,0],"9":[0,0],"10":[0,0],"11":[0,0],"12":[0,0],"13":[0,0],"14":[0,0],"15":[0,0],"16":[0,0],"17":[0,0],"18":[0,0],"19":[0,0],"20":[0,0],"21":[0,0],"22":[0,0],"23":[0,0],"24":[0,0],"25":[0,0],"26":[0,0],"27":[0,0],"28":[0,0],"29":[0,0],"30":[0,0],"31":[0,0],"32":[0,0],"33":[0,0],"34":[0,0],"35":[0,0],"36":[0,0],"37":[0,0],"38":[0,0],"39":[0,0],"40":[0,0],"41":[0,0],"42":[0,0],"43":[0,0],"44":[0,0],"45":[0,0],"46":[0,0],"47":[0,0],"48":[0,0],"49":[0,0],"50":[0,0],"51":[0,0],"52":[0,0],"53":[0,0],"54":[0,0],"55":[0,0],"56":[0,0],"57":[0,0],"58":[0,0],"59":[0,0],"60":[0,0],"61":[0,0],"62":[0,0],"63":[0,0],"64":[0,0],"65":[0,0],"66":[0,0],"67":[0,0],"68":[0,0],"69":[0,0],"70":[0,0]},"f":{"1":0,"2":0,"3":0,"4":0,"5":0,"6":0,"7":0,"8":0,"9":0,"10":0,"11":0,"12":0,"13":0,"14":0,"15":0,"16":0,"17":0,"18":0,"19":0,"20":0,"21":0,"22":0,"23":0,"24":0,"25":0,"26":0,"27":0,"28":0,"29":0,"30":0,"31":0,"32":0,"33":0,"34":0,"35":0,"36":0,"37":0,"38":0,"39":0,"40":0,"41":0},"fnMap":{"1":{"name":"constructor","line":52,"loc":{"start":{"line":52,"column":4},"end":{"line":54,"column":4}}},"2":{"name":"initialize","line":63,"loc":{"start":{"line":63,"column":4},"end":{"line":79,"column":4}}},"3":{"name":"registerNode","line":84,"loc":{"start":{"line":81,"column":4},"end":{"line":118,"column":4}}},"4":{"name":"registerUser","line":123,"loc":{"start":{"line":120,"column":4},"end":{"line":145,"column":4}}},"5":{"name":"unstakeRequest","line":147,"loc":{"start":{"line":147,"column":4},"end":{"line":158,"column":4}}},"6":{"name":"cancelUnstake","line":160,"loc":{"start":{"line":160,"column":4},"end":{"line":168,"column":4}}},"7":{"name":"unstake","line":170,"loc":{"start":{"line":170,"column":4},"end":{"line":183,"column":4}}},"8":{"name":"slash","line":185,"loc":{"start":{"line":185,"column":4},"end":{"line":194,"column":4}}},"9":{"name":"pause","line":196,"loc":{"start":{"line":196,"column":4},"end":{"line":198,"column":4}}},"10":{"name":"unpause","line":200,"loc":{"start":{"line":200,"column":4},"end":{"line":202,"column":4}}},"11":{"name":"getStakedAmount","line":204,"loc":{"start":{"line":204,"column":4},"end":{"line":206,"column":4}}},"12":{"name":"isRegisteredNode","line":208,"loc":{"start":{"line":208,"column":4},"end":{"line":210,"column":4}}},"13":{"name":"isRegisteredUser","line":212,"loc":{"start":{"line":212,"column":4},"end":{"line":214,"column":4}}},"14":{"name":"getNodeCredit","line":216,"loc":{"start":{"line":216,"column":4},"end":{"line":218,"column":4}}},"15":{"name":"getUserCredit","line":220,"loc":{"start":{"line":220,"column":4},"end":{"line":222,"column":4}}},"16":{"name":"revokeNodeRole","line":224,"loc":{"start":{"line":224,"column":4},"end":{"line":230,"column":4}}},"17":{"name":"getTEEStakeThr","line":232,"loc":{"start":{"line":232,"column":4},"end":{"line":234,"column":4}}},"18":{"name":"setStakeAmount","line":236,"loc":{"start":{"line":236,"column":4},"end":{"line":240,"column":4}}},"19":{"name":"getUnstakeDelay","line":242,"loc":{"start":{"line":242,"column":4},"end":{"line":244,"column":4}}},"20":{"name":"setUnstakeDelay","line":246,"loc":{"start":{"line":246,"column":4},"end":{"line":250,"column":4}}},"21":{"name":"transferOwnership","line":252,"loc":{"start":{"line":252,"column":4},"end":{"line":260,"column":4}}},"22":{"name":"registerTask","line":267,"loc":{"start":{"line":262,"column":4},"end":{"line":287,"column":4}}},"23":{"name":"updateTaskStatus","line":292,"loc":{"start":{"line":289,"column":4},"end":{"line":308,"column":4}}},"24":{"name":"submitProof","line":313,"loc":{"start":{"line":310,"column":4},"end":{"line":328,"column":4}}},"25":{"name":"rewardToken","line":330,"loc":{"start":{"line":330,"column":4},"end":{"line":332,"column":4}}},"26":{"name":"setRewardToken","line":334,"loc":{"start":{"line":334,"column":4},"end":{"line":337,"column":4}}},"27":{"name":"reward","line":339,"loc":{"start":{"line":339,"column":4},"end":{"line":353,"column":4}}},"28":{"name":"_calculateTEERegistryHash","line":355,"loc":{"start":{"line":355,"column":8},"end":{"line":368,"column":4}}},"29":{"name":"_calculateUserRegistryHash","line":370,"loc":{"start":{"line":370,"column":4},"end":{"line":379,"column":4}}},"30":{"name":"_calculateTaskProofHash","line":381,"loc":{"start":{"line":381,"column":4},"end":{"line":387,"column":4}}},"31":{"name":"_ecdsaRecover","line":389,"loc":{"start":{"line":389,"column":4},"end":{"line":394,"column":4}}},"32":{"name":"_getTEEStakedAmount","line":396,"loc":{"start":{"line":396,"column":4},"end":{"line":398,"column":4}}},"33":{"name":"_authorizeUpgrade","line":402,"loc":{"start":{"line":400,"column":4},"end":{"line":402,"column":47}}},"34":{"name":"_isTaskValid","line":404,"loc":{"start":{"line":404,"column":4},"end":{"line":409,"column":4}}},"35":{"name":"getTaskTimeout","line":411,"loc":{"start":{"line":411,"column":4},"end":{"line":413,"column":4}}},"36":{"name":"setTaskTimeout","line":415,"loc":{"start":{"line":415,"column":4},"end":{"line":419,"column":4}}},"37":{"name":"verifyResult","line":421,"loc":{"start":{"line":421,"column":4},"end":{"line":429,"column":4}}},"38":{"name":"withdrawToken","line":431,"loc":{"start":{"line":431,"column":4},"end":{"line":438,"column":4}}},"39":{"name":"_contains","line":440,"loc":{"start":{"line":440,"column":4},"end":{"line":445,"column":4}}},"40":{"name":"getMaxRewardAmount","line":447,"loc":{"start":{"line":447,"column":4},"end":{"line":449,"column":4}}},"41":{"name":"setMaxRewardAmount","line":451,"loc":{"start":{"line":451,"column":4},"end":{"line":455,"column":4}}}},"statementMap":{"1":{"start":{"line":53,"column":8},"end":{"line":53,"column":29}},"2":{"start":{"line":64,"column":8},"end":{"line":64,"column":31}},"3":{"start":{"line":65,"column":8},"end":{"line":65,"column":29}},"4":{"start":{"line":67,"column":8},"end":{"line":67,"column":41}},"5":{"start":{"line":68,"column":8},"end":{"line":68,"column":41}},"6":{"start":{"line":69,"column":8},"end":{"line":69,"column":45}},"7":{"start":{"line":70,"column":8},"end":{"line":70,"column":48}},"8":{"start":{"line":71,"column":8},"end":{"line":71,"column":44}},"9":{"start":{"line":72,"column":8},"end":{"line":72,"column":47}},"10":{"start":{"line":73,"column":8},"end":{"line":73,"column":45}},"11":{"start":{"line":85,"column":8},"end":{"line":85,"column":94}},"12":{"start":{"line":86,"column":8},"end":{"line":86,"column":70}},"13":{"start":{"line":87,"column":8},"end":{"line":87,"column":3187}},"14":{"start":{"line":95,"column":8},"end":{"line":95,"column":52}},"15":{"start":{"line":109,"column":8},"end":{"line":109,"column":3920}},"16":{"start":{"line":124,"column":8},"end":{"line":124,"column":94}},"17":{"start":{"line":125,"column":8},"end":{"line":125,"column":4413}},"18":{"start":{"line":139,"column":8},"end":{"line":139,"column":4835}},"19":{"start":{"line":148,"column":8},"end":{"line":148,"column":70}},"20":{"start":{"line":149,"column":8},"end":{"line":149,"column":49}},"21":{"start":{"line":150,"column":8},"end":{"line":150,"column":72}},"22":{"start":{"line":157,"column":8},"end":{"line":157,"column":60}},"23":{"start":{"line":161,"column":8},"end":{"line":161,"column":70}},"24":{"start":{"line":162,"column":8},"end":{"line":162,"column":88}},"25":{"start":{"line":163,"column":8},"end":{"line":163,"column":89}},"26":{"start":{"line":167,"column":8},"end":{"line":167,"column":43}},"27":{"start":{"line":171,"column":8},"end":{"line":171,"column":70}},"28":{"start":{"line":172,"column":8},"end":{"line":172,"column":69}},"29":{"start":{"line":173,"column":8},"end":{"line":173,"column":6378}},"30":{"start":{"line":179,"column":8},"end":{"line":179,"column":71}},"31":{"start":{"line":180,"column":8},"end":{"line":180,"column":46}},"32":{"start":{"line":182,"column":8},"end":{"line":182,"column":59}},"33":{"start":{"line":186,"column":9},"end":{"line":186,"column":74}},"34":{"start":{"line":189,"column":8},"end":{"line":189,"column":6961}},"35":{"start":{"line":193,"column":8},"end":{"line":193,"column":48}},"36":{"start":{"line":197,"column":8},"end":{"line":197,"column":15}},"37":{"start":{"line":201,"column":8},"end":{"line":201,"column":17}},"38":{"start":{"line":205,"column":8},"end":{"line":205,"column":38}},"39":{"start":{"line":209,"column":8},"end":{"line":209,"column":52}},"40":{"start":{"line":213,"column":8},"end":{"line":213,"column":52}},"41":{"start":{"line":217,"column":8},"end":{"line":217,"column":32}},"42":{"start":{"line":221,"column":8},"end":{"line":221,"column":32}},"43":{"start":{"line":225,"column":8},"end":{"line":225,"column":76}},"44":{"start":{"line":226,"column":8},"end":{"line":226,"column":73}},"45":{"start":{"line":229,"column":8},"end":{"line":229,"column":39}},"46":{"start":{"line":233,"column":8},"end":{"line":233,"column":27}},"47":{"start":{"line":237,"column":8},"end":{"line":237,"column":53}},"48":{"start":{"line":238,"column":8},"end":{"line":238,"column":56}},"49":{"start":{"line":243,"column":8},"end":{"line":243,"column":28}},"50":{"start":{"line":247,"column":8},"end":{"line":247,"column":52}},"51":{"start":{"line":248,"column":8},"end":{"line":248,"column":57}},"52":{"start":{"line":253,"column":8},"end":{"line":253,"column":71}},"53":{"start":{"line":254,"column":8},"end":{"line":254,"column":72}},"54":{"start":{"line":256,"column":8},"end":{"line":256,"column":39}},"55":{"start":{"line":257,"column":8},"end":{"line":257,"column":42}},"56":{"start":{"line":259,"column":8},"end":{"line":259,"column":55}},"57":{"start":{"line":268,"column":8},"end":{"line":268,"column":73}},"58":{"start":{"line":269,"column":8},"end":{"line":269,"column":66}},"59":{"start":{"line":270,"column":8},"end":{"line":270,"column":57}},"60":{"start":{"line":271,"column":8},"end":{"line":271,"column":74}},"61":{"start":{"line":286,"column":8},"end":{"line":286,"column":73}},"62":{"start":{"line":293,"column":8},"end":{"line":293,"column":40}},"63":{"start":{"line":294,"column":8},"end":{"line":294,"column":59}},"64":{"start":{"line":295,"column":8},"end":{"line":295,"column":10697}},"65":{"start":{"line":296,"column":12},"end":{"line":296,"column":81}},"66":{"start":{"line":297,"column":12},"end":{"line":297,"column":49}},"67":{"start":{"line":298,"column":12},"end":{"line":298,"column":55}},"68":{"start":{"line":299,"column":12},"end":{"line":299,"column":65}},"69":{"start":{"line":301,"column":12},"end":{"line":301,"column":11074}},"70":{"start":{"line":302,"column":16},"end":{"line":302,"column":74}},"71":{"start":{"line":307,"column":8},"end":{"line":307,"column":46}},"72":{"start":{"line":314,"column":8},"end":{"line":314,"column":40}},"73":{"start":{"line":315,"column":8},"end":{"line":315,"column":59}},"74":{"start":{"line":316,"column":8},"end":{"line":316,"column":50}},"75":{"start":{"line":317,"column":8},"end":{"line":317,"column":89}},"76":{"start":{"line":318,"column":8},"end":{"line":318,"column":57}},"77":{"start":{"line":319,"column":8},"end":{"line":319,"column":69}},"78":{"start":{"line":324,"column":8},"end":{"line":324,"column":50}},"79":{"start":{"line":325,"column":8},"end":{"line":325,"column":45}},"80":{"start":{"line":327,"column":8},"end":{"line":327,"column":60}},"81":{"start":{"line":331,"column":8},"end":{"line":331,"column":27}},"82":{"start":{"line":335,"column":8},"end":{"line":335,"column":52}},"83":{"start":{"line":340,"column":8},"end":{"line":340,"column":46}},"84":{"start":{"line":341,"column":8},"end":{"line":341,"column":84}},"85":{"start":{"line":342,"column":8},"end":{"line":342,"column":74}},"86":{"start":{"line":345,"column":8},"end":{"line":345,"column":12835}},"87":{"start":{"line":346,"column":12},"end":{"line":346,"column":57}},"88":{"start":{"line":347,"column":12},"end":{"line":347,"column":50}},"89":{"start":{"line":349,"column":12},"end":{"line":349,"column":52}},"90":{"start":{"line":352,"column":8},"end":{"line":352,"column":38}},"91":{"start":{"line":358,"column":8},"end":{"line":358,"column":13255}},"92":{"start":{"line":373,"column":8},"end":{"line":373,"column":13688}},"93":{"start":{"line":386,"column":8},"end":{"line":386,"column":96}},"94":{"start":{"line":393,"column":8},"end":{"line":393,"column":66}},"95":{"start":{"line":397,"column":8},"end":{"line":397,"column":38}},"96":{"start":{"line":405,"column":8},"end":{"line":405,"column":14639}},"97":{"start":{"line":412,"column":8},"end":{"line":412,"column":27}},"98":{"start":{"line":416,"column":8},"end":{"line":416,"column":52}},"99":{"start":{"line":417,"column":8},"end":{"line":417,"column":54}},"100":{"start":{"line":422,"column":8},"end":{"line":422,"column":41}},"101":{"start":{"line":423,"column":8},"end":{"line":423,"column":59}},"102":{"start":{"line":424,"column":8},"end":{"line":424,"column":72}},"103":{"start":{"line":428,"column":8},"end":{"line":428,"column":19}},"104":{"start":{"line":432,"column":8},"end":{"line":432,"column":15660}},"105":{"start":{"line":433,"column":12},"end":{"line":433,"column":57}},"106":{"start":{"line":434,"column":12},"end":{"line":434,"column":50}},"107":{"start":{"line":436,"column":12},"end":{"line":436,"column":45}},"108":{"start":{"line":441,"column":8},"end":{"line":441,"column":15984}},"109":{"start":{"line":442,"column":12},"end":{"line":442,"column":47}},"110":{"start":{"line":442,"column":36},"end":{"line":442,"column":47}},"111":{"start":{"line":444,"column":8},"end":{"line":444,"column":20}},"112":{"start":{"line":448,"column":8},"end":{"line":448,"column":31}},"113":{"start":{"line":452,"column":8},"end":{"line":452,"column":58}},"114":{"start":{"line":453,"column":8},"end":{"line":453,"column":64}}},"branchMap":{"1":{"line":63,"type":"if","locations":[{"start":{"line":63,"column":33},"end":{"line":63,"column":33}},{"start":{"line":63,"column":33},"end":{"line":63,"column":33}}]},"2":{"line":84,"type":"if","locations":[{"start":{"line":84,"column":32},"end":{"line":84,"column":32}},{"start":{"line":84,"column":32},"end":{"line":84,"column":32}}]},"3":{"line":85,"type":"if","locations":[{"start":{"line":85,"column":8},"end":{"line":85,"column":8}},{"start":{"line":85,"column":8},"end":{"line":85,"column":8}}]},"4":{"line":86,"type":"if","locations":[{"start":{"line":86,"column":8},"end":{"line":86,"column":8}},{"start":{"line":86,"column":8},"end":{"line":86,"column":8}}]},"5":{"line":87,"type":"if","locations":[{"start":{"line":87,"column":8},"end":{"line":87,"column":8}},{"start":{"line":87,"column":8},"end":{"line":87,"column":8}}]},"6":{"line":123,"type":"if","locations":[{"start":{"line":123,"column":24},"end":{"line":123,"column":24}},{"start":{"line":123,"column":24},"end":{"line":123,"column":24}}]},"7":{"line":124,"type":"if","locations":[{"start":{"line":124,"column":8},"end":{"line":124,"column":8}},{"start":{"line":124,"column":8},"end":{"line":124,"column":8}}]},"8":{"line":125,"type":"if","locations":[{"start":{"line":125,"column":8},"end":{"line":125,"column":8}},{"start":{"line":125,"column":8},"end":{"line":125,"column":8}}]},"9":{"line":147,"type":"if","locations":[{"start":{"line":147,"column":48},"end":{"line":147,"column":48}},{"start":{"line":147,"column":48},"end":{"line":147,"column":48}}]},"10":{"line":148,"type":"if","locations":[{"start":{"line":148,"column":8},"end":{"line":148,"column":8}},{"start":{"line":148,"column":8},"end":{"line":148,"column":8}}]},"11":{"line":150,"type":"if","locations":[{"start":{"line":150,"column":8},"end":{"line":150,"column":8}},{"start":{"line":150,"column":8},"end":{"line":150,"column":8}}]},"12":{"line":160,"type":"if","locations":[{"start":{"line":160,"column":47},"end":{"line":160,"column":47}},{"start":{"line":160,"column":47},"end":{"line":160,"column":47}}]},"13":{"line":161,"type":"if","locations":[{"start":{"line":161,"column":8},"end":{"line":161,"column":8}},{"start":{"line":161,"column":8},"end":{"line":161,"column":8}}]},"14":{"line":162,"type":"if","locations":[{"start":{"line":162,"column":8},"end":{"line":162,"column":8}},{"start":{"line":162,"column":8},"end":{"line":162,"column":8}}]},"15":{"line":163,"type":"if","locations":[{"start":{"line":163,"column":8},"end":{"line":163,"column":8}},{"start":{"line":163,"column":8},"end":{"line":163,"column":8}}]},"16":{"line":166,"type":"if","locations":[{"start":{"line":166,"column":89},"end":{"line":166,"column":118}},{"start":{"line":166,"column":122},"end":{"line":166,"column":142}}]},"17":{"line":170,"type":"if","locations":[{"start":{"line":170,"column":41},"end":{"line":170,"column":41}},{"start":{"line":170,"column":41},"end":{"line":170,"column":41}}]},"18":{"line":171,"type":"if","locations":[{"start":{"line":171,"column":8},"end":{"line":171,"column":8}},{"start":{"line":171,"column":8},"end":{"line":171,"column":8}}]},"19":{"line":173,"type":"if","locations":[{"start":{"line":173,"column":8},"end":{"line":173,"column":8}},{"start":{"line":173,"column":8},"end":{"line":173,"column":8}}]},"20":{"line":180,"type":"if","locations":[{"start":{"line":180,"column":8},"end":{"line":180,"column":8}},{"start":{"line":180,"column":8},"end":{"line":180,"column":8}}]},"21":{"line":185,"type":"if","locations":[{"start":{"line":185,"column":67},"end":{"line":185,"column":67}},{"start":{"line":185,"column":67},"end":{"line":185,"column":67}}]},"22":{"line":186,"type":"if","locations":[{"start":{"line":186,"column":9},"end":{"line":186,"column":9}},{"start":{"line":186,"column":9},"end":{"line":186,"column":9}}]},"23":{"line":189,"type":"if","locations":[{"start":{"line":189,"column":8},"end":{"line":189,"column":8}},{"start":{"line":189,"column":8},"end":{"line":189,"column":8}}]},"24":{"line":196,"type":"if","locations":[{"start":{"line":196,"column":39},"end":{"line":196,"column":39}},{"start":{"line":196,"column":39},"end":{"line":196,"column":39}}]},"25":{"line":200,"type":"if","locations":[{"start":{"line":200,"column":41},"end":{"line":200,"column":41}},{"start":{"line":200,"column":41},"end":{"line":200,"column":41}}]},"26":{"line":224,"type":"if","locations":[{"start":{"line":224,"column":51},"end":{"line":224,"column":51}},{"start":{"line":224,"column":51},"end":{"line":224,"column":51}}]},"27":{"line":225,"type":"if","locations":[{"start":{"line":225,"column":8},"end":{"line":225,"column":8}},{"start":{"line":225,"column":8},"end":{"line":225,"column":8}}]},"28":{"line":226,"type":"if","locations":[{"start":{"line":226,"column":8},"end":{"line":226,"column":8}},{"start":{"line":226,"column":8},"end":{"line":226,"column":8}}]},"29":{"line":236,"type":"if","locations":[{"start":{"line":236,"column":65},"end":{"line":236,"column":65}},{"start":{"line":236,"column":65},"end":{"line":236,"column":65}}]},"30":{"line":237,"type":"if","locations":[{"start":{"line":237,"column":8},"end":{"line":237,"column":8}},{"start":{"line":237,"column":8},"end":{"line":237,"column":8}}]},"31":{"line":246,"type":"if","locations":[{"start":{"line":246,"column":65},"end":{"line":246,"column":65}},{"start":{"line":246,"column":65},"end":{"line":246,"column":65}}]},"32":{"line":247,"type":"if","locations":[{"start":{"line":247,"column":8},"end":{"line":247,"column":8}},{"start":{"line":247,"column":8},"end":{"line":247,"column":8}}]},"33":{"line":252,"type":"if","locations":[{"start":{"line":252,"column":67},"end":{"line":252,"column":67}},{"start":{"line":252,"column":67},"end":{"line":252,"column":67}}]},"34":{"line":253,"type":"if","locations":[{"start":{"line":253,"column":8},"end":{"line":253,"column":8}},{"start":{"line":253,"column":8},"end":{"line":253,"column":8}}]},"35":{"line":254,"type":"if","locations":[{"start":{"line":254,"column":8},"end":{"line":254,"column":8}},{"start":{"line":254,"column":8},"end":{"line":254,"column":8}}]},"36":{"line":267,"type":"if","locations":[{"start":{"line":267,"column":32},"end":{"line":267,"column":32}},{"start":{"line":267,"column":32},"end":{"line":267,"column":32}}]},"37":{"line":267,"type":"if","locations":[{"start":{"line":267,"column":46},"end":{"line":267,"column":46}},{"start":{"line":267,"column":46},"end":{"line":267,"column":46}}]},"38":{"line":268,"type":"if","locations":[{"start":{"line":268,"column":8},"end":{"line":268,"column":8}},{"start":{"line":268,"column":8},"end":{"line":268,"column":8}}]},"39":{"line":269,"type":"if","locations":[{"start":{"line":269,"column":8},"end":{"line":269,"column":8}},{"start":{"line":269,"column":8},"end":{"line":269,"column":8}}]},"40":{"line":270,"type":"if","locations":[{"start":{"line":270,"column":8},"end":{"line":270,"column":8}},{"start":{"line":270,"column":8},"end":{"line":270,"column":8}}]},"41":{"line":271,"type":"if","locations":[{"start":{"line":271,"column":8},"end":{"line":271,"column":8}},{"start":{"line":271,"column":8},"end":{"line":271,"column":8}}]},"42":{"line":292,"type":"if","locations":[{"start":{"line":292,"column":24},"end":{"line":292,"column":24}},{"start":{"line":292,"column":24},"end":{"line":292,"column":24}}]},"43":{"line":292,"type":"if","locations":[{"start":{"line":292,"column":38},"end":{"line":292,"column":38}},{"start":{"line":292,"column":38},"end":{"line":292,"column":38}}]},"44":{"line":294,"type":"if","locations":[{"start":{"line":294,"column":8},"end":{"line":294,"column":8}},{"start":{"line":294,"column":8},"end":{"line":294,"column":8}}]},"45":{"line":295,"type":"if","locations":[{"start":{"line":295,"column":8},"end":{"line":295,"column":8}},{"start":{"line":295,"column":8},"end":{"line":295,"column":8}}]},"46":{"line":296,"type":"if","locations":[{"start":{"line":296,"column":12},"end":{"line":296,"column":12}},{"start":{"line":296,"column":12},"end":{"line":296,"column":12}}]},"47":{"line":298,"type":"if","locations":[{"start":{"line":298,"column":12},"end":{"line":298,"column":12}},{"start":{"line":298,"column":12},"end":{"line":298,"column":12}}]},"48":{"line":313,"type":"if","locations":[{"start":{"line":313,"column":24},"end":{"line":313,"column":24}},{"start":{"line":313,"column":24},"end":{"line":313,"column":24}}]},"49":{"line":313,"type":"if","locations":[{"start":{"line":313,"column":38},"end":{"line":313,"column":38}},{"start":{"line":313,"column":38},"end":{"line":313,"column":38}}]},"50":{"line":315,"type":"if","locations":[{"start":{"line":315,"column":8},"end":{"line":315,"column":8}},{"start":{"line":315,"column":8},"end":{"line":315,"column":8}}]},"51":{"line":316,"type":"if","locations":[{"start":{"line":316,"column":8},"end":{"line":316,"column":8}},{"start":{"line":316,"column":8},"end":{"line":316,"column":8}}]},"52":{"line":319,"type":"if","locations":[{"start":{"line":319,"column":8},"end":{"line":319,"column":8}},{"start":{"line":319,"column":8},"end":{"line":319,"column":8}}]},"53":{"line":334,"type":"if","locations":[{"start":{"line":334,"column":61},"end":{"line":334,"column":61}},{"start":{"line":334,"column":61},"end":{"line":334,"column":61}}]},"54":{"line":339,"type":"if","locations":[{"start":{"line":339,"column":68},"end":{"line":339,"column":68}},{"start":{"line":339,"column":68},"end":{"line":339,"column":68}}]},"55":{"line":341,"type":"if","locations":[{"start":{"line":341,"column":8},"end":{"line":341,"column":8}},{"start":{"line":341,"column":8},"end":{"line":341,"column":8}}]},"56":{"line":341,"type":"cond-expr","locations":[{"start":{"line":341,"column":16},"end":{"line":341,"column":33}},{"start":{"line":341,"column":38},"end":{"line":341,"column":57}}]},"57":{"line":342,"type":"if","locations":[{"start":{"line":342,"column":8},"end":{"line":342,"column":8}},{"start":{"line":342,"column":8},"end":{"line":342,"column":8}}]},"58":{"line":345,"type":"if","locations":[{"start":{"line":345,"column":8},"end":{"line":345,"column":8}},{"start":{"line":345,"column":8},"end":{"line":345,"column":8}}]},"59":{"line":347,"type":"if","locations":[{"start":{"line":347,"column":12},"end":{"line":347,"column":12}},{"start":{"line":347,"column":12},"end":{"line":347,"column":12}}]},"60":{"line":402,"type":"if","locations":[{"start":{"line":402,"column":24},"end":{"line":402,"column":24}},{"start":{"line":402,"column":24},"end":{"line":402,"column":24}}]},"61":{"line":415,"type":"if","locations":[{"start":{"line":415,"column":63},"end":{"line":415,"column":63}},{"start":{"line":415,"column":63},"end":{"line":415,"column":63}}]},"62":{"line":416,"type":"if","locations":[{"start":{"line":416,"column":8},"end":{"line":416,"column":8}},{"start":{"line":416,"column":8},"end":{"line":416,"column":8}}]},"63":{"line":423,"type":"if","locations":[{"start":{"line":423,"column":8},"end":{"line":423,"column":8}},{"start":{"line":423,"column":8},"end":{"line":423,"column":8}}]},"64":{"line":424,"type":"if","locations":[{"start":{"line":424,"column":8},"end":{"line":424,"column":8}},{"start":{"line":424,"column":8},"end":{"line":424,"column":8}}]},"65":{"line":431,"type":"if","locations":[{"start":{"line":431,"column":79},"end":{"line":431,"column":79}},{"start":{"line":431,"column":79},"end":{"line":431,"column":79}}]},"66":{"line":432,"type":"if","locations":[{"start":{"line":432,"column":8},"end":{"line":432,"column":8}},{"start":{"line":432,"column":8},"end":{"line":432,"column":8}}]},"67":{"line":434,"type":"if","locations":[{"start":{"line":434,"column":12},"end":{"line":434,"column":12}},{"start":{"line":434,"column":12},"end":{"line":434,"column":12}}]},"68":{"line":442,"type":"if","locations":[{"start":{"line":442,"column":12},"end":{"line":442,"column":12}},{"start":{"line":442,"column":12},"end":{"line":442,"column":12}}]},"69":{"line":451,"type":"if","locations":[{"start":{"line":451,"column":69},"end":{"line":451,"column":69}},{"start":{"line":451,"column":69},"end":{"line":451,"column":69}}]},"70":{"line":452,"type":"if","locations":[{"start":{"line":452,"column":8},"end":{"line":452,"column":8}},{"start":{"line":452,"column":8},"end":{"line":452,"column":8}}]}}}}